# JRE version: Java(TM) SE Runtime Environment (17.0.12+8) (build 17.0.12+8-LTS-286)
# Java VM: Java HotSpot(TM) 64-Bit Server VM (17.0.12+8-LTS-286, mixed mode, sharing, tiered, compressed oops, compressed class ptrs, g1 gc, windows-amd64)
GC Precious Log:
 CPUs: 12 total, 12 available
 Memory: 32581M
 Large Page Support: Disabled
 NUMA Support: Disabled
 Compressed Oops: Enabled (32-bit)
 Heap Region Size: 1M
 Heap Min Capacity: 256M
 Heap Initial Capacity: 256M
 Heap Max Capacity: 512M
 Pre-touch: Disabled
 Parallel Workers: 10
 Concurrent Workers: 3
 Concurrent Refinement Workers: 10
 Periodic GC: Disabled
Heap:
 garbage-first heap   total 262144K, used 209944K [0x00000000e0000000, 0x0000000100000000)
  region size 1024K, 90 young (92160K), 6 survivors (6144K)
 Metaspace       used 90659K, committed 92352K, reserved 458752K
  class space    used 12046K, committed 12800K, reserved 327680K
GC Heap History (20 events):
Event: 12922.566 GC heap after
{Heap after GC invocations=37 (full 0):
 garbage-first heap   total 262144K, used 113025K [0x00000000e0000000, 0x0000000100000000)
  region size 1024K, 1 young (1024K), 1 survivors (1024K)
 Metaspace       used 85221K, committed 87104K, reserved 458752K
  class space    used 11464K, committed 12480K, reserved 327680K
}
Event: 13188.448 GC heap before
{Heap before GC invocations=37 (full 0):
 garbage-first heap   total 262144K, used 124289K [0x00000000e0000000, 0x0000000100000000)
  region size 1024K, 12 young (12288K), 1 survivors (1024K)
 Metaspace       used 85233K, committed 87104K, reserved 458752K
  class space    used 11465K, committed 12480K, reserved 327680K
}
Event: 13188.454 GC heap after
{Heap after GC invocations=38 (full 0):
 garbage-first heap   total 262144K, used 100775K [0x00000000e0000000, 0x0000000100000000)
  region size 1024K, 1 young (1024K), 1 survivors (1024K)
 Metaspace       used 85233K, committed 87104K, reserved 458752K
  class space    used 11465K, committed 12480K, reserved 327680K
}
Event: 13188.932 GC heap before
{Heap before GC invocations=38 (full 0):
 garbage-first heap   total 262144K, used 212391K [0x00000000e0000000, 0x0000000100000000)
  region size 1024K, 110 young (112640K), 1 survivors (1024K)
 Metaspace       used 85397K, committed 87232K, reserved 458752K
  class space    used 11472K, committed 12480K, reserved 327680K
}
Event: 13188.937 GC heap after
{Heap after GC invocations=39 (full 0):
 garbage-first heap   total 262144K, used 112140K [0x00000000e0000000, 0x0000000100000000)
  region size 1024K, 11 young (11264K), 11 survivors (11264K)
 Metaspace       used 85397K, committed 87232K, reserved 458752K
  class space    used 11472K, committed 12480K, reserved 327680K
}
Event: 13472.599 GC heap before
{Heap before GC invocations=39 (full 0):
 garbage-first heap   total 262144K, used 210444K [0x00000000e0000000, 0x0000000100000000)
  region size 1024K, 108 young (110592K), 11 survivors (11264K)
 Metaspace       used 87096K, committed 88768K, reserved 458752K
  class space    used 11661K, committed 12480K, reserved 327680K
}
Event: 13472.601 GC heap after
{Heap after GC invocations=40 (full 0):
 garbage-first heap   total 262144K, used 106709K [0x00000000e0000000, 0x0000000100000000)
  region size 1024K, 5 young (5120K), 5 survivors (5120K)
 Metaspace       used 87096K, committed 88768K, reserved 458752K
  class space    used 11661K, committed 12480K, reserved 327680K
}
Event: 13473.083 GC heap before
{Heap before GC invocations=40 (full 0):
 garbage-first heap   total 262144K, used 212181K [0x00000000e0000000, 0x0000000100000000)
  region size 1024K, 108 young (110592K), 5 survivors (5120K)
 Metaspace       used 87210K, committed 88896K, reserved 458752K
  class space    used 11670K, committed 12480K, reserved 327680K
}
Event: 13473.088 GC heap after
{Heap after GC invocations=41 (full 0):
 garbage-first heap   total 262144K, used 114523K [0x00000000e0000000, 0x0000000100000000)
  region size 1024K, 12 young (12288K), 12 survivors (12288K)
 Metaspace       used 87210K, committed 88896K, reserved 458752K
  class space    used 11670K, committed 12480K, reserved 327680K
}
Event: 13903.290 GC heap before
{Heap before GC invocations=41 (full 0):
 garbage-first heap   total 262144K, used 209755K [0x00000000e0000000, 0x0000000100000000)
  region size 1024K, 106 young (108544K), 12 survivors (12288K)
 Metaspace       used 88826K, committed 90432K, reserved 458752K
  class space    used 11854K, committed 12608K, reserved 327680K
}
Event: 13903.293 GC heap after
{Heap after GC invocations=42 (full 0):
 garbage-first heap   total 262144K, used 108377K [0x00000000e0000000, 0x0000000100000000)
  region size 1024K, 5 young (5120K), 5 survivors (5120K)
 Metaspace       used 88826K, committed 90432K, reserved 458752K
  class space    used 11854K, committed 12608K, reserved 327680K
}
Event: 14071.597 GC heap before
{Heap before GC invocations=42 (full 0):
 garbage-first heap   total 262144K, used 210777K [0x00000000e0000000, 0x0000000100000000)
  region size 1024K, 106 young (108544K), 5 survivors (5120K)
 Metaspace       used 88881K, committed 90496K, reserved 458752K
  class space    used 11854K, committed 12608K, reserved 327680K
}
Event: 14071.598 GC heap after
{Heap after GC invocations=43 (full 0):
 garbage-first heap   total 262144K, used 106125K [0x00000000e0000000, 0x0000000100000000)
  region size 1024K, 2 young (2048K), 2 survivors (2048K)
 Metaspace       used 88881K, committed 90496K, reserved 458752K
  class space    used 11854K, committed 12608K, reserved 327680K
}
Event: 14915.608 GC heap before
{Heap before GC invocations=43 (full 0):
 garbage-first heap   total 262144K, used 214669K [0x00000000e0000000, 0x0000000100000000)
  region size 1024K, 109 young (111616K), 2 survivors (2048K)
 Metaspace       used 88905K, committed 90496K, reserved 458752K
  class space    used 11855K, committed 12608K, reserved 327680K
}
Event: 14915.616 GC heap after
{Heap after GC invocations=44 (full 0):
 garbage-first heap   total 262144K, used 109984K [0x00000000e0000000, 0x0000000100000000)
  region size 1024K, 6 young (6144K), 6 survivors (6144K)
 Metaspace       used 88905K, committed 90496K, reserved 458752K
  class space    used 11855K, committed 12608K, reserved 327680K
}
Event: 18336.722 GC heap before
{Heap before GC invocations=44 (full 0):
 garbage-first heap   total 262144K, used 217504K [0x00000000e0000000, 0x0000000100000000)
  region size 1024K, 111 young (113664K), 6 survivors (6144K)
 Metaspace       used 88942K, committed 90560K, reserved 458752K
  class space    used 11855K, committed 12608K, reserved 327680K
}
Event: 18336.725 GC heap after
{Heap after GC invocations=45 (full 0):
 garbage-first heap   total 262144K, used 108545K [0x00000000e0000000, 0x0000000100000000)
  region size 1024K, 5 young (5120K), 5 survivors (5120K)
 Metaspace       used 88942K, committed 90560K, reserved 458752K
  class space    used 11855K, committed 12608K, reserved 327680K
}
Event: 18337.260 GC heap before
{Heap before GC invocations=45 (full 0):
 garbage-first heap   total 262144K, used 217089K [0x00000000e0000000, 0x0000000100000000)
  region size 1024K, 111 young (113664K), 5 survivors (5120K)
 Metaspace       used 89377K, committed 91008K, reserved 458752K
  class space    used 11884K, committed 12672K, reserved 327680K
}
Event: 18337.272 GC heap after
{Heap after GC invocations=46 (full 0):
 garbage-first heap   total 262144K, used 123928K [0x00000000e0000000, 0x0000000100000000)
  region size 1024K, 14 young (14336K), 14 survivors (14336K)
 Metaspace       used 89377K, committed 91008K, reserved 458752K
  class space    used 11884K, committed 12672K, reserved 327680K
}
Event: 19215.030 GC heap before
{Heap before GC invocations=46 (full 0):
 garbage-first heap   total 262144K, used 208920K [0x00000000e0000000, 0x0000000100000000)
  region size 1024K, 98 young (100352K), 14 survivors (14336K)
 Metaspace       used 90659K, committed 92352K, reserved 458752K
  class space    used 12046K, committed 12800K, reserved 327680K
}

